[debug] [2024-08-03T16:33:36.302Z] ----------------------------------------------------------------------
[debug] [2024-08-03T16:33:36.306Z] Command:       C:\Program Files\nodejs\node.exe C:\Users\PC\AppData\Roaming\npm\node_modules\firebase-tools\lib\bin\firebase.js init
[debug] [2024-08-03T16:33:36.306Z] CLI Version:   13.15.0
[debug] [2024-08-03T16:33:36.306Z] Platform:      win32
[debug] [2024-08-03T16:33:36.307Z] Node Version:  v20.13.1
[debug] [2024-08-03T16:33:36.307Z] Time:          Sat Aug 03 2024 23:33:36 GMT+0700 (Indochina Time)
[debug] [2024-08-03T16:33:36.307Z] ----------------------------------------------------------------------
[debug] 
[debug] [2024-08-03T16:33:36.371Z] Object "" in "firebase.json" has unknown property: {"additionalProperty":"rules"}
[debug] [2024-08-03T16:33:36.375Z] > command requires scopes: ["email","openid","https://www.googleapis.com/auth/cloudplatformprojects.readonly","https://www.googleapis.com/auth/firebase","https://www.googleapis.com/auth/cloud-platform"]
[debug] [2024-08-03T16:33:36.376Z] > authorizing via signed-in user (haiviet1503@gmail.com)
[debug] [2024-08-03T16:33:36.376Z] Object "" in "firebase.json" has unknown property: {"additionalProperty":"rules"}
[info] 
     ######## #### ########  ######## ########     ###     ######  ########
     ##        ##  ##     ## ##       ##     ##  ##   ##  ##       ##
     ######    ##  ########  ######   ########  #########  ######  ######
     ##        ##  ##    ##  ##       ##     ## ##     ##       ## ##
     ##       #### ##     ## ######## ########  ##     ##  ######  ########

You're about to initialize a Firebase project in this directory:

  D:\UnityProject\Vampire

Before we get started, keep in mind:

  * You are initializing within an existing Firebase project directory

[info] 
=== Project Setup
[info] 
[info] First, let's associate this project directory with a Firebase project.
[info] You can create multiple project aliases by running firebase use --add, 
[info] but for now we'll just set up a default project.
[info] 
[debug] [2024-08-03T16:33:46.462Z] Using project from CLI flag: holocure-27638
[debug] [2024-08-03T16:33:46.464Z] >>> [apiv2][query] GET https://firebase.googleapis.com/v1beta1/projects/holocure-27638 [none]
[debug] [2024-08-03T16:33:46.934Z] <<< [apiv2][status] GET https://firebase.googleapis.com/v1beta1/projects/holocure-27638 200
[debug] [2024-08-03T16:33:46.934Z] <<< [apiv2][body] GET https://firebase.googleapis.com/v1beta1/projects/holocure-27638 {"projectId":"holocure-27638","projectNumber":"397627522507","displayName":"Holocure","name":"projects/holocure-27638","resources":{"hostingSite":"holocure-27638","realtimeDatabaseInstance":"holocure-27638-default-rtdb"},"state":"ACTIVE","etag":"1_9a9a1517-6741-4d4f-8eaf-4fe8bf9d8acb"}
[info] i  Using project holocure-27638 (Holocure) 
[info] 
=== Database Setup
[info] i  database: ensuring required API firebasedatabase.googleapis.com is enabled... 
[debug] [2024-08-03T16:33:46.940Z] >>> [apiv2][query] GET https://serviceusage.googleapis.com/v1/projects/holocure-27638/services/firebasedatabase.googleapis.com [none]
[debug] [2024-08-03T16:33:46.940Z] >>> [apiv2][(partial)header] GET https://serviceusage.googleapis.com/v1/projects/holocure-27638/services/firebasedatabase.googleapis.com x-goog-quota-user=projects/holocure-27638
[debug] [2024-08-03T16:33:48.366Z] <<< [apiv2][status] GET https://serviceusage.googleapis.com/v1/projects/holocure-27638/services/firebasedatabase.googleapis.com 200
[debug] [2024-08-03T16:33:48.367Z] <<< [apiv2][body] GET https://serviceusage.googleapis.com/v1/projects/holocure-27638/services/firebasedatabase.googleapis.com [omitted]
[info] +  database: required API firebasedatabase.googleapis.com is enabled 
[info] 
[debug] [2024-08-03T16:33:48.368Z] >>> [apiv2][query] GET https://firebasedatabase.googleapis.com/v1beta/projects/holocure-27638/locations/-/instances/holocure-27638-default-rtdb [none]
[debug] [2024-08-03T16:33:49.804Z] <<< [apiv2][status] GET https://firebasedatabase.googleapis.com/v1beta/projects/holocure-27638/locations/-/instances/holocure-27638-default-rtdb 200
[debug] [2024-08-03T16:33:49.804Z] <<< [apiv2][body] GET https://firebasedatabase.googleapis.com/v1beta/projects/holocure-27638/locations/-/instances/holocure-27638-default-rtdb {"name":"projects/397627522507/locations/asia-southeast1/instances/holocure-27638-default-rtdb","project":"projects/397627522507","databaseUrl":"https://holocure-27638-default-rtdb.asia-southeast1.firebasedatabase.app","type":"DEFAULT_DATABASE","state":"ACTIVE"}
[info] 
[info] Firebase Realtime Database Security Rules allow you to define how your data should be
[info] structured and when your data can be read from and written to.
[info] 
[debug] [2024-08-03T16:33:49.807Z] >>> [apiv2][query] GET https://holocure-27638-default-rtdb.asia-southeast1.firebasedatabase.app/.settings/rules.json [none]
[debug] [2024-08-03T16:33:50.028Z] <<< [apiv2][status] GET https://holocure-27638-default-rtdb.asia-southeast1.firebasedatabase.app/.settings/rules.json 200
[debug] [2024-08-03T16:33:50.028Z] <<< [apiv2][body] GET https://holocure-27638-default-rtdb.asia-southeast1.firebasedatabase.app/.settings/rules.json [stream]
[debug] [2024-08-03T16:33:50.029Z] TypeError [ERR_INVALID_ARG_TYPE]: The "path" argument must be of type string. Received an instance of Object
    at Object.join (node:path:433:7)
    at Config.path (C:\Users\PC\AppData\Roaming\npm\node_modules\firebase-tools\lib\config.js:130:45)
    at Config.writeProjectFile (C:\Users\PC\AppData\Roaming\npm\node_modules\firebase-tools\lib\config.js:159:32)
    at writeDBRules (C:\Users\PC\AppData\Roaming\npm\node_modules\firebase-tools\lib\init\features\database.js:34:12)
    at doSetup (C:\Users\PC\AppData\Roaming\npm\node_modules\firebase-tools\lib\init\features\database.js:124:13)
    at process.processTicksAndRejections (node:internal/process/task_queues:95:5)
    at async init (C:\Users\PC\AppData\Roaming\npm\node_modules\firebase-tools\lib\init\index.js:40:9)
[error] 
[error] Error: An unexpected error has occurred.
[debug] [2024-08-03T16:34:28.641Z] ----------------------------------------------------------------------
[debug] [2024-08-03T16:34:28.643Z] Command:       C:\Program Files\nodejs\node.exe C:\Users\PC\AppData\Roaming\npm\node_modules\firebase-tools\lib\bin\firebase.js init
[debug] [2024-08-03T16:34:28.644Z] CLI Version:   13.15.0
[debug] [2024-08-03T16:34:28.644Z] Platform:      win32
[debug] [2024-08-03T16:34:28.644Z] Node Version:  v20.13.1
[debug] [2024-08-03T16:34:28.645Z] Time:          Sat Aug 03 2024 23:34:28 GMT+0700 (Indochina Time)
[debug] [2024-08-03T16:34:28.645Z] ----------------------------------------------------------------------
[debug] 
[debug] [2024-08-03T16:34:28.710Z] Object "" in "firebase.json" has unknown property: {"additionalProperty":"rules"}
[debug] [2024-08-03T16:34:28.714Z] > command requires scopes: ["email","openid","https://www.googleapis.com/auth/cloudplatformprojects.readonly","https://www.googleapis.com/auth/firebase","https://www.googleapis.com/auth/cloud-platform"]
[debug] [2024-08-03T16:34:28.714Z] > authorizing via signed-in user (haiviet1503@gmail.com)
[debug] [2024-08-03T16:34:28.715Z] Object "" in "firebase.json" has unknown property: {"additionalProperty":"rules"}
[info] 
     ######## #### ########  ######## ########     ###     ######  ########
     ##        ##  ##     ## ##       ##     ##  ##   ##  ##       ##
     ######    ##  ########  ######   ########  #########  ######  ######
     ##        ##  ##    ##  ##       ##     ## ##     ##       ## ##
     ##       #### ##     ## ######## ########  ##     ##  ######  ########

You're about to initialize a Firebase project in this directory:

  D:\UnityProject\Vampire

Before we get started, keep in mind:

  * You are initializing within an existing Firebase project directory

[info] 
=== Project Setup
[info] 
[info] First, let's associate this project directory with a Firebase project.
[info] You can create multiple project aliases by running firebase use --add, 
[info] but for now we'll just set up a default project.
[info] 
[debug] [2024-08-03T16:34:34.286Z] Using project from CLI flag: holocure-27638
[debug] [2024-08-03T16:34:34.288Z] >>> [apiv2][query] GET https://firebase.googleapis.com/v1beta1/projects/holocure-27638 [none]
[debug] [2024-08-03T16:34:34.804Z] <<< [apiv2][status] GET https://firebase.googleapis.com/v1beta1/projects/holocure-27638 200
[debug] [2024-08-03T16:34:34.805Z] <<< [apiv2][body] GET https://firebase.googleapis.com/v1beta1/projects/holocure-27638 {"projectId":"holocure-27638","projectNumber":"397627522507","displayName":"Holocure","name":"projects/holocure-27638","resources":{"hostingSite":"holocure-27638","realtimeDatabaseInstance":"holocure-27638-default-rtdb"},"state":"ACTIVE","etag":"1_9a9a1517-6741-4d4f-8eaf-4fe8bf9d8acb"}
[info] i  Using project holocure-27638 (Holocure) 
[info] 
=== Database Setup
[info] i  database: ensuring required API firebasedatabase.googleapis.com is enabled... 
[debug] [2024-08-03T16:34:34.821Z] >>> [apiv2][query] GET https://serviceusage.googleapis.com/v1/projects/holocure-27638/services/firebasedatabase.googleapis.com [none]
[debug] [2024-08-03T16:34:34.821Z] >>> [apiv2][(partial)header] GET https://serviceusage.googleapis.com/v1/projects/holocure-27638/services/firebasedatabase.googleapis.com x-goog-quota-user=projects/holocure-27638
[debug] [2024-08-03T16:34:36.073Z] <<< [apiv2][status] GET https://serviceusage.googleapis.com/v1/projects/holocure-27638/services/firebasedatabase.googleapis.com 200
[debug] [2024-08-03T16:34:36.073Z] <<< [apiv2][body] GET https://serviceusage.googleapis.com/v1/projects/holocure-27638/services/firebasedatabase.googleapis.com [omitted]
[info] +  database: required API firebasedatabase.googleapis.com is enabled 
[info] 
[debug] [2024-08-03T16:34:36.074Z] >>> [apiv2][query] GET https://firebasedatabase.googleapis.com/v1beta/projects/holocure-27638/locations/-/instances/holocure-27638-default-rtdb [none]
[debug] [2024-08-03T16:34:37.499Z] <<< [apiv2][status] GET https://firebasedatabase.googleapis.com/v1beta/projects/holocure-27638/locations/-/instances/holocure-27638-default-rtdb 200
[debug] [2024-08-03T16:34:37.499Z] <<< [apiv2][body] GET https://firebasedatabase.googleapis.com/v1beta/projects/holocure-27638/locations/-/instances/holocure-27638-default-rtdb {"name":"projects/397627522507/locations/asia-southeast1/instances/holocure-27638-default-rtdb","project":"projects/397627522507","databaseUrl":"https://holocure-27638-default-rtdb.asia-southeast1.firebasedatabase.app","type":"DEFAULT_DATABASE","state":"ACTIVE"}
[info] 
[info] Firebase Realtime Database Security Rules allow you to define how your data should be
[info] structured and when your data can be read from and written to.
[info] 
[debug] [2024-08-03T16:34:37.502Z] >>> [apiv2][query] GET https://holocure-27638-default-rtdb.asia-southeast1.firebasedatabase.app/.settings/rules.json [none]
[debug] [2024-08-03T16:34:37.718Z] <<< [apiv2][status] GET https://holocure-27638-default-rtdb.asia-southeast1.firebasedatabase.app/.settings/rules.json 200
[debug] [2024-08-03T16:34:37.718Z] <<< [apiv2][body] GET https://holocure-27638-default-rtdb.asia-southeast1.firebasedatabase.app/.settings/rules.json [stream]
[debug] [2024-08-03T16:34:37.720Z] TypeError [ERR_INVALID_ARG_TYPE]: The "path" argument must be of type string. Received an instance of Object
    at Object.join (node:path:433:7)
    at Config.path (C:\Users\PC\AppData\Roaming\npm\node_modules\firebase-tools\lib\config.js:130:45)
    at Config.writeProjectFile (C:\Users\PC\AppData\Roaming\npm\node_modules\firebase-tools\lib\config.js:159:32)
    at writeDBRules (C:\Users\PC\AppData\Roaming\npm\node_modules\firebase-tools\lib\init\features\database.js:34:12)
    at doSetup (C:\Users\PC\AppData\Roaming\npm\node_modules\firebase-tools\lib\init\features\database.js:124:13)
    at process.processTicksAndRejections (node:internal/process/task_queues:95:5)
    at async init (C:\Users\PC\AppData\Roaming\npm\node_modules\firebase-tools\lib\init\index.js:40:9)
[error] 
[error] Error: An unexpected error has occurred.
[debug] [2024-08-03T16:35:26.447Z] ----------------------------------------------------------------------
[debug] [2024-08-03T16:35:26.449Z] Command:       C:\Program Files\nodejs\node.exe C:\Users\PC\AppData\Roaming\npm\node_modules\firebase-tools\lib\bin\firebase.js emulators:start --project holocure-27638
[debug] [2024-08-03T16:35:26.450Z] CLI Version:   13.15.0
[debug] [2024-08-03T16:35:26.450Z] Platform:      win32
[debug] [2024-08-03T16:35:26.450Z] Node Version:  v20.13.1
[debug] [2024-08-03T16:35:26.450Z] Time:          Sat Aug 03 2024 23:35:26 GMT+0700 (Indochina Time)
[debug] [2024-08-03T16:35:26.450Z] ----------------------------------------------------------------------
[debug] 
[debug] [2024-08-03T16:35:26.513Z] Object "" in "firebase.json" has unknown property: {"additionalProperty":"rules"}
[debug] [2024-08-03T16:35:26.516Z] > command requires scopes: ["email","openid","https://www.googleapis.com/auth/cloudplatformprojects.readonly","https://www.googleapis.com/auth/firebase","https://www.googleapis.com/auth/cloud-platform"]
[debug] [2024-08-03T16:35:26.516Z] > authorizing via signed-in user (haiviet1503@gmail.com)
[debug] [2024-08-03T16:35:27.236Z] java version "19.0.1" 2022-10-18

[debug] [2024-08-03T16:35:27.236Z] Java(TM) SE Runtime Environment (build 19.0.1+10-21)
Java HotSpot(TM) 64-Bit Server VM (build 19.0.1+10-21, mixed mode, sharing)

[debug] [2024-08-03T16:35:27.254Z] Parsed Java major version: 19
[info] i  emulators: Starting emulators: database {"metadata":{"emulator":{"name":"hub"},"message":"Starting emulators: database"}}
[debug] [2024-08-03T16:35:27.269Z] [logging] Logging Emulator only supports listening on one address (127.0.0.1). Not listening on ::1
[debug] [2024-08-03T16:35:27.269Z] [database] Database Emulator only supports listening on one address (127.0.0.1). Not listening on ::1
[debug] [2024-08-03T16:35:27.270Z] assigned listening specs for emulators {"user":{"hub":[{"address":"127.0.0.1","family":"IPv4","port":4400},{"address":"::1","family":"IPv6","port":4400}],"ui":[{"address":"127.0.0.1","family":"IPv4","port":4000},{"address":"::1","family":"IPv6","port":4000}],"logging":[{"address":"127.0.0.1","family":"IPv4","port":4500}],"database":[{"address":"127.0.0.1","family":"IPv4","port":9000}]},"metadata":{"message":"assigned listening specs for emulators"}}
[debug] [2024-08-03T16:35:27.274Z] [hub] writing locator at C:\Users\PC\AppData\Local\Temp\hub-holocure-27638.json
[debug] [2024-08-03T16:35:27.281Z] >>> [apiv2][query] GET https://firebase.googleapis.com/v1beta1/projects/holocure-27638 [none]
[debug] [2024-08-03T16:35:27.990Z] <<< [apiv2][status] GET https://firebase.googleapis.com/v1beta1/projects/holocure-27638 200
[debug] [2024-08-03T16:35:27.990Z] <<< [apiv2][body] GET https://firebase.googleapis.com/v1beta1/projects/holocure-27638 {"projectId":"holocure-27638","projectNumber":"397627522507","displayName":"Holocure","name":"projects/holocure-27638","resources":{"hostingSite":"holocure-27638","realtimeDatabaseInstance":"holocure-27638-default-rtdb"},"state":"ACTIVE","etag":"1_9a9a1517-6741-4d4f-8eaf-4fe8bf9d8acb"}
[info] i  emulators: Shutting down emulators. {"metadata":{"emulator":{"name":"hub"},"message":"Shutting down emulators."}}
[info] i  hub: Stopping emulator hub {"metadata":{"emulator":{"name":"hub"},"message":"Stopping emulator hub"}}
[debug] [2024-08-03T16:35:27.994Z] TypeError [ERR_INVALID_ARG_TYPE]: The "path" argument must be of type string. Received an instance of Object
    at Object.join (node:path:433:7)
    at Config.path (C:\Users\PC\AppData\Roaming\npm\node_modules\firebase-tools\lib\config.js:130:45)
    at C:\Users\PC\AppData\Roaming\npm\node_modules\firebase-tools\lib\database\rulesConfig.js:12:27
    at Array.map (<anonymous>)
    at Object.normalizeRulesConfig (C:\Users\PC\AppData\Roaming\npm\node_modules\firebase-tools\lib\database\rulesConfig.js:9:24)
    at Object.startAll (C:\Users\PC\AppData\Roaming\npm\node_modules\firebase-tools\lib\emulator\controller.js:454:34)
    at process.processTicksAndRejections (node:internal/process/task_queues:95:5)
    at async C:\Users\PC\AppData\Roaming\npm\node_modules\firebase-tools\lib\commands\emulators-start.js:33:43
[error] 
[error] Error: An unexpected error has occurred.
